#! /c/Source/iverilog-install/bin/vvp
:ivl_version "12.0 (devel)" "(s20150603-1539-g2693dd32b)";
:ivl_delay_selection "TYPICAL";
:vpi_time_precision + 0;
:vpi_module "C:\PROGRA~1\iverilog\lib\ivl\system.vpi";
:vpi_module "C:\PROGRA~1\iverilog\lib\ivl\vhdl_sys.vpi";
:vpi_module "C:\PROGRA~1\iverilog\lib\ivl\vhdl_textio.vpi";
:vpi_module "C:\PROGRA~1\iverilog\lib\ivl\v2005_math.vpi";
:vpi_module "C:\PROGRA~1\iverilog\lib\ivl\va_math.vpi";
S_00000251dc9068e0 .scope module, "RegisterFile" "RegisterFile" 2 1;
 .timescale 0 0;
    .port_info 0 /INPUT 1 "clk";
    .port_info 1 /INPUT 1 "resetn";
    .port_info 2 /INPUT 5 "rs1";
    .port_info 3 /INPUT 5 "rs2";
    .port_info 4 /INPUT 5 "w";
    .port_info 5 /INPUT 32 "data_in";
    .port_info 6 /INPUT 1 "we";
    .port_info 7 /OUTPUT 32 "data_out1";
    .port_info 8 /OUTPUT 32 "data_out2";
o00000251dc956f98 .functor BUFZ 1, C4<z>; HiZ drive
v00000251dc906a70_0 .net "clk", 0 0, o00000251dc956f98;  0 drivers
o00000251dc956fc8 .functor BUFZ 32, C4<zzzzzzzzzzzzzzzzzzzzzzzzzzzzzzzz>; HiZ drive
v00000251dc906b10_0 .net "data_in", 31 0, o00000251dc956fc8;  0 drivers
v00000251dc906bb0_0 .var "data_out1", 31 0;
v00000251dc906c50_0 .var "data_out2", 31 0;
o00000251dc957058 .functor BUFZ 1, C4<z>; HiZ drive
v00000251dc90bc20_0 .net "resetn", 0 0, o00000251dc957058;  0 drivers
o00000251dc957088 .functor BUFZ 5, C4<zzzzz>; HiZ drive
v00000251dc90bcc0_0 .net "rs1", 4 0, o00000251dc957088;  0 drivers
o00000251dc9570b8 .functor BUFZ 5, C4<zzzzz>; HiZ drive
v00000251dc90bd60_0 .net "rs2", 4 0, o00000251dc9570b8;  0 drivers
o00000251dc9570e8 .functor BUFZ 5, C4<zzzzz>; HiZ drive
v00000251dc90be00_0 .net "w", 4 0, o00000251dc9570e8;  0 drivers
o00000251dc957118 .functor BUFZ 1, C4<z>; HiZ drive
v00000251dc90bea0_0 .net "we", 0 0, o00000251dc957118;  0 drivers
E_00000251dc955ea0 .event posedge, v00000251dc906a70_0;
    .scope S_00000251dc9068e0;
T_0 ;
    %wait E_00000251dc955ea0;
    %load/vec4 v00000251dc90bea0_0;
    %flag_set/vec4 8;
    %jmp/0xz  T_0.0, 8;
    %load/vec4 v00000251dc90be00_0;
    %load/vec4 v00000251dc90bcc0_0;
    %part/u 1;
    %pad/u 32;
    %store/vec4 v00000251dc906bb0_0, 0, 32;
T_0.0 ;
    %load/vec4 v00000251dc90be00_0;
    %load/vec4 v00000251dc90bd60_0;
    %part/u 1;
    %pad/u 32;
    %store/vec4 v00000251dc906c50_0, 0, 32;
    %jmp T_0;
    .thread T_0;
# The file index is used to find the file name in the following table.
:file_names 3;
    "N/A";
    "<interactive>";
    "reg_files.v";
